<?xml version="1.0" encoding="UTF-8"?>
<!-- Generated by org.testng.reporters.JUnitReportReporter -->
<testsuite hostname="HYRD5CG8062NF1" name="codingRound.TestRunner" tests="3" failures="0" timestamp="3 Jun 2019 16:48:29 GMT" time="104.067" errors="0">
  <testcase name="feature" time="28.107" classname="codingRound.TestRunner"/>
  <testcase name="feature" time="32.005" classname="codingRound.TestRunner"/>
  <testcase name="feature" time="43.955" classname="codingRound.TestRunner"/>
</testsuite> <!-- codingRound.TestRunner -->
