<?xml version="1.0" encoding="UTF-8"?>
<!-- Generated by org.testng.reporters.JUnitReportReporter -->
<testsuite hostname="HYRD5CG8062NF1" name="codingRound.TestRunner" tests="3" failures="0" timestamp="29 May 2019 14:06:17 GMT" time="119.336" errors="0">
  <testcase name="feature" time="36.970" classname="codingRound.TestRunner"/>
  <testcase name="feature" time="36.164" classname="codingRound.TestRunner"/>
  <testcase name="feature" time="46.202" classname="codingRound.TestRunner"/>
</testsuite> <!-- codingRound.TestRunner -->
