<?xml version="1.0" encoding="UTF-8"?>
<!-- Generated by org.testng.reporters.JUnitReportReporter -->
<testsuite hostname="HYRD5CG8062NF1" name="codingRound.SignInTest" tests="1" failures="0" timestamp="29 May 2019 13:23:45 GMT" time="75.683" errors="0">
  <testcase name="feature" time="75.683" classname="codingRound.SignInTest"/>
</testsuite> <!-- codingRound.SignInTest -->
